<?xml version="1.0" encoding="UTF-8"?>
<testsuite xmlns:xsi="http://www.w3.org/2001/XMLSchema-instance" xsi:noNamespaceSchemaLocation="https://maven.apache.org/surefire/maven-surefire-plugin/xsd/surefire-test-report-3.0.xsd" version="3.0" name="com.liyijiadou.hadoop.AppTest" time="0.016" tests="1" errors="0" skipped="0" failures="0">
  <properties>
    <property name="sun.desktop" value="windows"/>
    <property name="awt.toolkit" value="sun.awt.windows.WToolkit"/>
    <property name="file.encoding.pkg" value="sun.io"/>
    <property name="java.specification.version" value="1.8"/>
    <property name="sun.cpu.isalist" value="amd64"/>
    <property name="sun.jnu.encoding" value="GBK"/>
    <property name="java.class.path" value="C:\source\Learning-Hadoop\wc_demo\target\test-classes;C:\source\Learning-Hadoop\wc_demo\target\classes;C:\apache-maven-3.9.4\junit\junit\3.8.1\junit-3.8.1.jar;C:\apache-maven-3.9.4\org\apache\hadoop\hadoop-client\3.1.3\hadoop-client-3.1.3.jar;C:\apache-maven-3.9.4\org\apache\hadoop\hadoop-common\3.1.3\hadoop-common-3.1.3.jar;C:\apache-maven-3.9.4\com\google\guava\guava\27.0-jre\guava-27.0-jre.jar;C:\apache-maven-3.9.4\com\google\guava\failureaccess\1.0\failureaccess-1.0.jar;C:\apache-maven-3.9.4\com\google\guava\listenablefuture\9999.0-empty-to-avoid-conflict-with-guava\listenablefuture-9999.0-empty-to-avoid-conflict-with-guava.jar;C:\apache-maven-3.9.4\org\checkerframework\checker-qual\2.5.2\checker-qual-2.5.2.jar;C:\apache-maven-3.9.4\com\google\errorprone\error_prone_annotations\2.2.0\error_prone_annotations-2.2.0.jar;C:\apache-maven-3.9.4\com\google\j2objc\j2objc-annotations\1.1\j2objc-annotations-1.1.jar;C:\apache-maven-3.9.4\org\codehaus\mojo\animal-sniffer-annotations\1.17\animal-sniffer-annotations-1.17.jar;C:\apache-maven-3.9.4\commons-cli\commons-cli\1.2\commons-cli-1.2.jar;C:\apache-maven-3.9.4\org\apache\commons\commons-math3\3.1.1\commons-math3-3.1.1.jar;C:\apache-maven-3.9.4\org\apache\httpcomponents\httpclient\4.5.2\httpclient-4.5.2.jar;C:\apache-maven-3.9.4\org\apache\httpcomponents\httpcore\4.4.4\httpcore-4.4.4.jar;C:\apache-maven-3.9.4\commons-codec\commons-codec\1.11\commons-codec-1.11.jar;C:\apache-maven-3.9.4\commons-io\commons-io\2.5\commons-io-2.5.jar;C:\apache-maven-3.9.4\commons-net\commons-net\3.6\commons-net-3.6.jar;C:\apache-maven-3.9.4\commons-collections\commons-collections\3.2.2\commons-collections-3.2.2.jar;C:\apache-maven-3.9.4\org\eclipse\jetty\jetty-servlet\9.3.24.v20180605\jetty-servlet-9.3.24.v20180605.jar;C:\apache-maven-3.9.4\org\eclipse\jetty\jetty-security\9.3.24.v20180605\jetty-security-9.3.24.v20180605.jar;C:\apache-maven-3.9.4\org\eclipse\jetty\jetty-webapp\9.3.24.v20180605\jetty-webapp-9.3.24.v20180605.jar;C:\apache-maven-3.9.4\org\eclipse\jetty\jetty-xml\9.3.24.v20180605\jetty-xml-9.3.24.v20180605.jar;C:\apache-maven-3.9.4\javax\servlet\jsp\jsp-api\2.1\jsp-api-2.1.jar;C:\apache-maven-3.9.4\com\sun\jersey\jersey-servlet\1.19\jersey-servlet-1.19.jar;C:\apache-maven-3.9.4\commons-logging\commons-logging\1.1.3\commons-logging-1.1.3.jar;C:\apache-maven-3.9.4\commons-lang\commons-lang\2.6\commons-lang-2.6.jar;C:\apache-maven-3.9.4\commons-beanutils\commons-beanutils\1.9.3\commons-beanutils-1.9.3.jar;C:\apache-maven-3.9.4\org\apache\commons\commons-configuration2\2.1.1\commons-configuration2-2.1.1.jar;C:\apache-maven-3.9.4\org\apache\commons\commons-lang3\3.4\commons-lang3-3.4.jar;C:\apache-maven-3.9.4\org\apache\avro\avro\1.7.7\avro-1.7.7.jar;C:\apache-maven-3.9.4\org\codehaus\jackson\jackson-core-asl\1.9.13\jackson-core-asl-1.9.13.jar;C:\apache-maven-3.9.4\org\codehaus\jackson\jackson-mapper-asl\1.9.13\jackson-mapper-asl-1.9.13.jar;C:\apache-maven-3.9.4\com\thoughtworks\paranamer\paranamer\2.3\paranamer-2.3.jar;C:\apache-maven-3.9.4\org\xerial\snappy\snappy-java\1.0.5\snappy-java-1.0.5.jar;C:\apache-maven-3.9.4\com\google\re2j\re2j\1.1\re2j-1.1.jar;C:\apache-maven-3.9.4\com\google\protobuf\protobuf-java\2.5.0\protobuf-java-2.5.0.jar;C:\apache-maven-3.9.4\com\google\code\gson\gson\2.2.4\gson-2.2.4.jar;C:\apache-maven-3.9.4\org\apache\hadoop\hadoop-auth\3.1.3\hadoop-auth-3.1.3.jar;C:\apache-maven-3.9.4\com\nimbusds\nimbus-jose-jwt\4.41.1\nimbus-jose-jwt-4.41.1.jar;C:\apache-maven-3.9.4\com\github\stephenc\jcip\jcip-annotations\1.0-1\jcip-annotations-1.0-1.jar;C:\apache-maven-3.9.4\net\minidev\json-smart\2.3\json-smart-2.3.jar;C:\apache-maven-3.9.4\net\minidev\accessors-smart\1.2\accessors-smart-1.2.jar;C:\apache-maven-3.9.4\org\ow2\asm\asm\5.0.4\asm-5.0.4.jar;C:\apache-maven-3.9.4\org\apache\curator\curator-framework\2.13.0\curator-framework-2.13.0.jar;C:\apache-maven-3.9.4\org\apache\curator\curator-client\2.13.0\curator-client-2.13.0.jar;C:\apache-maven-3.9.4\org\apache\curator\curator-recipes\2.13.0\curator-recipes-2.13.0.jar;C:\apache-maven-3.9.4\com\google\code\findbugs\jsr305\3.0.0\jsr305-3.0.0.jar;C:\apache-maven-3.9.4\org\apache\htrace\htrace-core4\4.1.0-incubating\htrace-core4-4.1.0-incubating.jar;C:\apache-maven-3.9.4\org\apache\commons\commons-compress\1.18\commons-compress-1.18.jar;C:\apache-maven-3.9.4\org\apache\kerby\kerb-simplekdc\1.0.1\kerb-simplekdc-1.0.1.jar;C:\apache-maven-3.9.4\org\apache\kerby\kerb-client\1.0.1\kerb-client-1.0.1.jar;C:\apache-maven-3.9.4\org\apache\kerby\kerby-config\1.0.1\kerby-config-1.0.1.jar;C:\apache-maven-3.9.4\org\apache\kerby\kerb-core\1.0.1\kerb-core-1.0.1.jar;C:\apache-maven-3.9.4\org\apache\kerby\kerby-pkix\1.0.1\kerby-pkix-1.0.1.jar;C:\apache-maven-3.9.4\org\apache\kerby\kerby-asn1\1.0.1\kerby-asn1-1.0.1.jar;C:\apache-maven-3.9.4\org\apache\kerby\kerby-util\1.0.1\kerby-util-1.0.1.jar;C:\apache-maven-3.9.4\org\apache\kerby\kerb-common\1.0.1\kerb-common-1.0.1.jar;C:\apache-maven-3.9.4\org\apache\kerby\kerb-crypto\1.0.1\kerb-crypto-1.0.1.jar;C:\apache-maven-3.9.4\org\apache\kerby\kerb-util\1.0.1\kerb-util-1.0.1.jar;C:\apache-maven-3.9.4\org\apache\kerby\token-provider\1.0.1\token-provider-1.0.1.jar;C:\apache-maven-3.9.4\org\apache\kerby\kerb-admin\1.0.1\kerb-admin-1.0.1.jar;C:\apache-maven-3.9.4\org\apache\kerby\kerb-server\1.0.1\kerb-server-1.0.1.jar;C:\apache-maven-3.9.4\org\apache\kerby\kerb-identity\1.0.1\kerb-identity-1.0.1.jar;C:\apache-maven-3.9.4\org\apache\kerby\kerby-xdr\1.0.1\kerby-xdr-1.0.1.jar;C:\apache-maven-3.9.4\com\fasterxml\jackson\core\jackson-databind\2.7.8\jackson-databind-2.7.8.jar;C:\apache-maven-3.9.4\com\fasterxml\jackson\core\jackson-core\2.7.8\jackson-core-2.7.8.jar;C:\apache-maven-3.9.4\org\codehaus\woodstox\stax2-api\3.1.4\stax2-api-3.1.4.jar;C:\apache-maven-3.9.4\com\fasterxml\woodstox\woodstox-core\5.0.3\woodstox-core-5.0.3.jar;C:\apache-maven-3.9.4\org\apache\hadoop\hadoop-hdfs-client\3.1.3\hadoop-hdfs-client-3.1.3.jar;C:\apache-maven-3.9.4\com\squareup\okhttp\okhttp\2.7.5\okhttp-2.7.5.jar;C:\apache-maven-3.9.4\com\squareup\okio\okio\1.6.0\okio-1.6.0.jar;C:\apache-maven-3.9.4\com\fasterxml\jackson\core\jackson-annotations\2.7.8\jackson-annotations-2.7.8.jar;C:\apache-maven-3.9.4\org\apache\hadoop\hadoop-yarn-api\3.1.3\hadoop-yarn-api-3.1.3.jar;C:\apache-maven-3.9.4\javax\xml\bind\jaxb-api\2.2.11\jaxb-api-2.2.11.jar;C:\apache-maven-3.9.4\org\apache\hadoop\hadoop-yarn-client\3.1.3\hadoop-yarn-client-3.1.3.jar;C:\apache-maven-3.9.4\org\apache\hadoop\hadoop-mapreduce-client-core\3.1.3\hadoop-mapreduce-client-core-3.1.3.jar;C:\apache-maven-3.9.4\org\apache\hadoop\hadoop-yarn-common\3.1.3\hadoop-yarn-common-3.1.3.jar;C:\apache-maven-3.9.4\javax\servlet\javax.servlet-api\3.1.0\javax.servlet-api-3.1.0.jar;C:\apache-maven-3.9.4\org\eclipse\jetty\jetty-util\9.3.24.v20180605\jetty-util-9.3.24.v20180605.jar;C:\apache-maven-3.9.4\com\sun\jersey\jersey-core\1.19\jersey-core-1.19.jar;C:\apache-maven-3.9.4\javax\ws\rs\jsr311-api\1.1.1\jsr311-api-1.1.1.jar;C:\apache-maven-3.9.4\com\sun\jersey\jersey-client\1.19\jersey-client-1.19.jar;C:\apache-maven-3.9.4\com\fasterxml\jackson\module\jackson-module-jaxb-annotations\2.7.8\jackson-module-jaxb-annotations-2.7.8.jar;C:\apache-maven-3.9.4\com\fasterxml\jackson\jaxrs\jackson-jaxrs-json-provider\2.7.8\jackson-jaxrs-json-provider-2.7.8.jar;C:\apache-maven-3.9.4\com\fasterxml\jackson\jaxrs\jackson-jaxrs-base\2.7.8\jackson-jaxrs-base-2.7.8.jar;C:\apache-maven-3.9.4\org\apache\hadoop\hadoop-mapreduce-client-jobclient\3.1.3\hadoop-mapreduce-client-jobclient-3.1.3.jar;C:\apache-maven-3.9.4\org\apache\hadoop\hadoop-mapreduce-client-common\3.1.3\hadoop-mapreduce-client-common-3.1.3.jar;C:\apache-maven-3.9.4\org\apache\hadoop\hadoop-annotations\3.1.3\hadoop-annotations-3.1.3.jar;C:\apache-maven-3.9.4\org\slf4j\slf4j-log4j12\1.7.30\slf4j-log4j12-1.7.30.jar;C:\apache-maven-3.9.4\org\slf4j\slf4j-api\1.7.30\slf4j-api-1.7.30.jar;C:\apache-maven-3.9.4\log4j\log4j\1.2.17\log4j-1.2.17.jar;"/>
    <property name="java.vm.vendor" value="Oracle Corporation"/>
    <property name="sun.arch.data.model" value="64"/>
    <property name="user.variant" value=""/>
    <property name="java.vendor.url" value="http://java.oracle.com/"/>
    <property name="user.timezone" value="Europe/Moscow"/>
    <property name="java.vm.specification.version" value="1.8"/>
    <property name="os.name" value="Windows 10"/>
    <property name="user.country" value="CN"/>
    <property name="sun.java.launcher" value="SUN_STANDARD"/>
    <property name="sun.boot.library.path" value="C:\Java\jdk1.8.0_201\jre\bin"/>
    <property name="sun.java.command" value="C:\Users\wsyconan\AppData\Local\Temp\surefire5449941248222056643\surefirebooter-20231126145647680_3.jar C:\Users\wsyconan\AppData\Local\Temp\surefire5449941248222056643 2023-11-26T14-56-46_297-jvmRun1 surefire-20231126145647680_1tmp surefire_0-20231126145647680_2tmp"/>
    <property name="surefire.test.class.path" value="C:\source\Learning-Hadoop\wc_demo\target\test-classes;C:\source\Learning-Hadoop\wc_demo\target\classes;C:\apache-maven-3.9.4\junit\junit\3.8.1\junit-3.8.1.jar;C:\apache-maven-3.9.4\org\apache\hadoop\hadoop-client\3.1.3\hadoop-client-3.1.3.jar;C:\apache-maven-3.9.4\org\apache\hadoop\hadoop-common\3.1.3\hadoop-common-3.1.3.jar;C:\apache-maven-3.9.4\com\google\guava\guava\27.0-jre\guava-27.0-jre.jar;C:\apache-maven-3.9.4\com\google\guava\failureaccess\1.0\failureaccess-1.0.jar;C:\apache-maven-3.9.4\com\google\guava\listenablefuture\9999.0-empty-to-avoid-conflict-with-guava\listenablefuture-9999.0-empty-to-avoid-conflict-with-guava.jar;C:\apache-maven-3.9.4\org\checkerframework\checker-qual\2.5.2\checker-qual-2.5.2.jar;C:\apache-maven-3.9.4\com\google\errorprone\error_prone_annotations\2.2.0\error_prone_annotations-2.2.0.jar;C:\apache-maven-3.9.4\com\google\j2objc\j2objc-annotations\1.1\j2objc-annotations-1.1.jar;C:\apache-maven-3.9.4\org\codehaus\mojo\animal-sniffer-annotations\1.17\animal-sniffer-annotations-1.17.jar;C:\apache-maven-3.9.4\commons-cli\commons-cli\1.2\commons-cli-1.2.jar;C:\apache-maven-3.9.4\org\apache\commons\commons-math3\3.1.1\commons-math3-3.1.1.jar;C:\apache-maven-3.9.4\org\apache\httpcomponents\httpclient\4.5.2\httpclient-4.5.2.jar;C:\apache-maven-3.9.4\org\apache\httpcomponents\httpcore\4.4.4\httpcore-4.4.4.jar;C:\apache-maven-3.9.4\commons-codec\commons-codec\1.11\commons-codec-1.11.jar;C:\apache-maven-3.9.4\commons-io\commons-io\2.5\commons-io-2.5.jar;C:\apache-maven-3.9.4\commons-net\commons-net\3.6\commons-net-3.6.jar;C:\apache-maven-3.9.4\commons-collections\commons-collections\3.2.2\commons-collections-3.2.2.jar;C:\apache-maven-3.9.4\org\eclipse\jetty\jetty-servlet\9.3.24.v20180605\jetty-servlet-9.3.24.v20180605.jar;C:\apache-maven-3.9.4\org\eclipse\jetty\jetty-security\9.3.24.v20180605\jetty-security-9.3.24.v20180605.jar;C:\apache-maven-3.9.4\org\eclipse\jetty\jetty-webapp\9.3.24.v20180605\jetty-webapp-9.3.24.v20180605.jar;C:\apache-maven-3.9.4\org\eclipse\jetty\jetty-xml\9.3.24.v20180605\jetty-xml-9.3.24.v20180605.jar;C:\apache-maven-3.9.4\javax\servlet\jsp\jsp-api\2.1\jsp-api-2.1.jar;C:\apache-maven-3.9.4\com\sun\jersey\jersey-servlet\1.19\jersey-servlet-1.19.jar;C:\apache-maven-3.9.4\commons-logging\commons-logging\1.1.3\commons-logging-1.1.3.jar;C:\apache-maven-3.9.4\commons-lang\commons-lang\2.6\commons-lang-2.6.jar;C:\apache-maven-3.9.4\commons-beanutils\commons-beanutils\1.9.3\commons-beanutils-1.9.3.jar;C:\apache-maven-3.9.4\org\apache\commons\commons-configuration2\2.1.1\commons-configuration2-2.1.1.jar;C:\apache-maven-3.9.4\org\apache\commons\commons-lang3\3.4\commons-lang3-3.4.jar;C:\apache-maven-3.9.4\org\apache\avro\avro\1.7.7\avro-1.7.7.jar;C:\apache-maven-3.9.4\org\codehaus\jackson\jackson-core-asl\1.9.13\jackson-core-asl-1.9.13.jar;C:\apache-maven-3.9.4\org\codehaus\jackson\jackson-mapper-asl\1.9.13\jackson-mapper-asl-1.9.13.jar;C:\apache-maven-3.9.4\com\thoughtworks\paranamer\paranamer\2.3\paranamer-2.3.jar;C:\apache-maven-3.9.4\org\xerial\snappy\snappy-java\1.0.5\snappy-java-1.0.5.jar;C:\apache-maven-3.9.4\com\google\re2j\re2j\1.1\re2j-1.1.jar;C:\apache-maven-3.9.4\com\google\protobuf\protobuf-java\2.5.0\protobuf-java-2.5.0.jar;C:\apache-maven-3.9.4\com\google\code\gson\gson\2.2.4\gson-2.2.4.jar;C:\apache-maven-3.9.4\org\apache\hadoop\hadoop-auth\3.1.3\hadoop-auth-3.1.3.jar;C:\apache-maven-3.9.4\com\nimbusds\nimbus-jose-jwt\4.41.1\nimbus-jose-jwt-4.41.1.jar;C:\apache-maven-3.9.4\com\github\stephenc\jcip\jcip-annotations\1.0-1\jcip-annotations-1.0-1.jar;C:\apache-maven-3.9.4\net\minidev\json-smart\2.3\json-smart-2.3.jar;C:\apache-maven-3.9.4\net\minidev\accessors-smart\1.2\accessors-smart-1.2.jar;C:\apache-maven-3.9.4\org\ow2\asm\asm\5.0.4\asm-5.0.4.jar;C:\apache-maven-3.9.4\org\apache\curator\curator-framework\2.13.0\curator-framework-2.13.0.jar;C:\apache-maven-3.9.4\org\apache\curator\curator-client\2.13.0\curator-client-2.13.0.jar;C:\apache-maven-3.9.4\org\apache\curator\curator-recipes\2.13.0\curator-recipes-2.13.0.jar;C:\apache-maven-3.9.4\com\google\code\findbugs\jsr305\3.0.0\jsr305-3.0.0.jar;C:\apache-maven-3.9.4\org\apache\htrace\htrace-core4\4.1.0-incubating\htrace-core4-4.1.0-incubating.jar;C:\apache-maven-3.9.4\org\apache\commons\commons-compress\1.18\commons-compress-1.18.jar;C:\apache-maven-3.9.4\org\apache\kerby\kerb-simplekdc\1.0.1\kerb-simplekdc-1.0.1.jar;C:\apache-maven-3.9.4\org\apache\kerby\kerb-client\1.0.1\kerb-client-1.0.1.jar;C:\apache-maven-3.9.4\org\apache\kerby\kerby-config\1.0.1\kerby-config-1.0.1.jar;C:\apache-maven-3.9.4\org\apache\kerby\kerb-core\1.0.1\kerb-core-1.0.1.jar;C:\apache-maven-3.9.4\org\apache\kerby\kerby-pkix\1.0.1\kerby-pkix-1.0.1.jar;C:\apache-maven-3.9.4\org\apache\kerby\kerby-asn1\1.0.1\kerby-asn1-1.0.1.jar;C:\apache-maven-3.9.4\org\apache\kerby\kerby-util\1.0.1\kerby-util-1.0.1.jar;C:\apache-maven-3.9.4\org\apache\kerby\kerb-common\1.0.1\kerb-common-1.0.1.jar;C:\apache-maven-3.9.4\org\apache\kerby\kerb-crypto\1.0.1\kerb-crypto-1.0.1.jar;C:\apache-maven-3.9.4\org\apache\kerby\kerb-util\1.0.1\kerb-util-1.0.1.jar;C:\apache-maven-3.9.4\org\apache\kerby\token-provider\1.0.1\token-provider-1.0.1.jar;C:\apache-maven-3.9.4\org\apache\kerby\kerb-admin\1.0.1\kerb-admin-1.0.1.jar;C:\apache-maven-3.9.4\org\apache\kerby\kerb-server\1.0.1\kerb-server-1.0.1.jar;C:\apache-maven-3.9.4\org\apache\kerby\kerb-identity\1.0.1\kerb-identity-1.0.1.jar;C:\apache-maven-3.9.4\org\apache\kerby\kerby-xdr\1.0.1\kerby-xdr-1.0.1.jar;C:\apache-maven-3.9.4\com\fasterxml\jackson\core\jackson-databind\2.7.8\jackson-databind-2.7.8.jar;C:\apache-maven-3.9.4\com\fasterxml\jackson\core\jackson-core\2.7.8\jackson-core-2.7.8.jar;C:\apache-maven-3.9.4\org\codehaus\woodstox\stax2-api\3.1.4\stax2-api-3.1.4.jar;C:\apache-maven-3.9.4\com\fasterxml\woodstox\woodstox-core\5.0.3\woodstox-core-5.0.3.jar;C:\apache-maven-3.9.4\org\apache\hadoop\hadoop-hdfs-client\3.1.3\hadoop-hdfs-client-3.1.3.jar;C:\apache-maven-3.9.4\com\squareup\okhttp\okhttp\2.7.5\okhttp-2.7.5.jar;C:\apache-maven-3.9.4\com\squareup\okio\okio\1.6.0\okio-1.6.0.jar;C:\apache-maven-3.9.4\com\fasterxml\jackson\core\jackson-annotations\2.7.8\jackson-annotations-2.7.8.jar;C:\apache-maven-3.9.4\org\apache\hadoop\hadoop-yarn-api\3.1.3\hadoop-yarn-api-3.1.3.jar;C:\apache-maven-3.9.4\javax\xml\bind\jaxb-api\2.2.11\jaxb-api-2.2.11.jar;C:\apache-maven-3.9.4\org\apache\hadoop\hadoop-yarn-client\3.1.3\hadoop-yarn-client-3.1.3.jar;C:\apache-maven-3.9.4\org\apache\hadoop\hadoop-mapreduce-client-core\3.1.3\hadoop-mapreduce-client-core-3.1.3.jar;C:\apache-maven-3.9.4\org\apache\hadoop\hadoop-yarn-common\3.1.3\hadoop-yarn-common-3.1.3.jar;C:\apache-maven-3.9.4\javax\servlet\javax.servlet-api\3.1.0\javax.servlet-api-3.1.0.jar;C:\apache-maven-3.9.4\org\eclipse\jetty\jetty-util\9.3.24.v20180605\jetty-util-9.3.24.v20180605.jar;C:\apache-maven-3.9.4\com\sun\jersey\jersey-core\1.19\jersey-core-1.19.jar;C:\apache-maven-3.9.4\javax\ws\rs\jsr311-api\1.1.1\jsr311-api-1.1.1.jar;C:\apache-maven-3.9.4\com\sun\jersey\jersey-client\1.19\jersey-client-1.19.jar;C:\apache-maven-3.9.4\com\fasterxml\jackson\module\jackson-module-jaxb-annotations\2.7.8\jackson-module-jaxb-annotations-2.7.8.jar;C:\apache-maven-3.9.4\com\fasterxml\jackson\jaxrs\jackson-jaxrs-json-provider\2.7.8\jackson-jaxrs-json-provider-2.7.8.jar;C:\apache-maven-3.9.4\com\fasterxml\jackson\jaxrs\jackson-jaxrs-base\2.7.8\jackson-jaxrs-base-2.7.8.jar;C:\apache-maven-3.9.4\org\apache\hadoop\hadoop-mapreduce-client-jobclient\3.1.3\hadoop-mapreduce-client-jobclient-3.1.3.jar;C:\apache-maven-3.9.4\org\apache\hadoop\hadoop-mapreduce-client-common\3.1.3\hadoop-mapreduce-client-common-3.1.3.jar;C:\apache-maven-3.9.4\org\apache\hadoop\hadoop-annotations\3.1.3\hadoop-annotations-3.1.3.jar;C:\apache-maven-3.9.4\org\slf4j\slf4j-log4j12\1.7.30\slf4j-log4j12-1.7.30.jar;C:\apache-maven-3.9.4\org\slf4j\slf4j-api\1.7.30\slf4j-api-1.7.30.jar;C:\apache-maven-3.9.4\log4j\log4j\1.2.17\log4j-1.2.17.jar;"/>
    <property name="sun.cpu.endian" value="little"/>
    <property name="user.home" value="C:\Users\wsyconan"/>
    <property name="user.language" value="zh"/>
    <property name="java.specification.vendor" value="Oracle Corporation"/>
    <property name="java.home" value="C:\Java\jdk1.8.0_201\jre"/>
    <property name="basedir" value="C:\source\Learning-Hadoop\wc_demo"/>
    <property name="file.separator" value="\"/>
    <property name="line.separator" value="&#10;"/>
    <property name="java.vm.specification.vendor" value="Oracle Corporation"/>
    <property name="java.specification.name" value="Java Platform API Specification"/>
    <property name="java.awt.graphicsenv" value="sun.awt.Win32GraphicsEnvironment"/>
    <property name="surefire.real.class.path" value="C:\Users\wsyconan\AppData\Local\Temp\surefire5449941248222056643\surefirebooter-20231126145647680_3.jar"/>
    <property name="sun.boot.class.path" value="C:\Java\jdk1.8.0_201\jre\lib\resources.jar;C:\Java\jdk1.8.0_201\jre\lib\rt.jar;C:\Java\jdk1.8.0_201\jre\lib\sunrsasign.jar;C:\Java\jdk1.8.0_201\jre\lib\jsse.jar;C:\Java\jdk1.8.0_201\jre\lib\jce.jar;C:\Java\jdk1.8.0_201\jre\lib\charsets.jar;C:\Java\jdk1.8.0_201\jre\lib\jfr.jar;C:\Java\jdk1.8.0_201\jre\classes"/>
    <property name="user.script" value=""/>
    <property name="sun.management.compiler" value="HotSpot 64-Bit Tiered Compilers"/>
    <property name="java.runtime.version" value="1.8.0_201-b09"/>
    <property name="user.name" value="wsyconan"/>
    <property name="path.separator" value=";"/>
    <property name="os.version" value="10.0"/>
    <property name="java.endorsed.dirs" value="C:\Java\jdk1.8.0_201\jre\lib\endorsed"/>
    <property name="java.runtime.name" value="Java(TM) SE Runtime Environment"/>
    <property name="file.encoding" value="GBK"/>
    <property name="java.vm.name" value="Java HotSpot(TM) 64-Bit Server VM"/>
    <property name="localRepository" value="C:\apache-maven-3.9.4"/>
    <property name="java.vendor.url.bug" value="http://bugreport.sun.com/bugreport/"/>
    <property name="java.io.tmpdir" value="C:\Users\wsyconan\AppData\Local\Temp\"/>
    <property name="idea.version" value="2023.2.2"/>
    <property name="java.version" value="1.8.0_201"/>
    <property name="user.dir" value="C:\source\Learning-Hadoop\wc_demo"/>
    <property name="os.arch" value="amd64"/>
    <property name="java.vm.specification.name" value="Java Virtual Machine Specification"/>
    <property name="java.awt.printerjob" value="sun.awt.windows.WPrinterJob"/>
    <property name="sun.os.patch.level" value=""/>
    <property name="java.library.path" value="C:\Java\jdk1.8.0_201\jre\bin;C:\WINDOWS\Sun\Java\bin;C:\WINDOWS\system32;C:\WINDOWS;C:\Java\jdk-17\bin;C:\Java\jdk-17\jre\bin;C:\Program Files (x86)\Common Files\Oracle\Java\javapath;C:\Program Files\Microsoft MPI\Bin\;C:\Program Files\Common Files\Oracle\Java\javapath;C:\Program Files\Microsoft\jdk-11.0.16.101-hotspot\bin;C:\Program Files\NVIDIA GPU Computing Toolkit\CUDA\v11.7\bin;C:\Program Files\NVIDIA GPU Computing Toolkit\CUDA\v11.7\libnvvp;C:\WINDOWS\system32;C:\WINDOWS;C:\WINDOWS\System32\Wbem;C:\WINDOWS\System32\WindowsPowerShell\v1.0\;C:\WINDOWS\System32\OpenSSH\;C:\Program Files\Git\cmd;C:\Program Files\NVIDIA GPU Computing Toolkit\CUDA\v11.7;C:\Program Files\NVIDIA GPU Computing Toolkit\CUDA\v11.7\lib\x64;C:\Program Files\Bandizip\;C:\Program Files\Graphviz\bin;C:\Program Files\Git LFS;C:\Program Files\Microsoft SQL Server\150\Tools\Binn\;C:\Program Files\Microsoft SQL Server\Client SDK\ODBC\170\Tools\Binn\;C:\Program Files\dotnet\;C:\ProgramData\Anaconda3;C:\ProgramData\Anaconda3\Scripts;C:\Program Files\CMake\bin;C:\mingw64\bin;C:\swipl\bin;C:\apache-maven-3.9.4\bin;C:\Program Files (x86)\NetSarang\Xshell 7\;C:\Program Files (x86)\NetSarang\Xftp 7\;D:\tools\allure-2.24.1\bin;C:\Program Files\Pandoc;C:\Program Files\Google\Chrome\Application;HADOOP_HOME%\bin;C:\Users\wsyconan\AppData\Local\Programs\Python\Python38-32\Scripts\;C:\Users\wsyconan\AppData\Local\Programs\Python\Python38-32\;C:\Users\wsyconan\AppData\Local\Microsoft\WindowsApps;C:\Program Files\JetBrains\PyCharm Community Edition 2022.3.3\bin;;C:\Program Files\NVIDIA GPU Computing Toolkit;C:\Program Files\NVIDIA GPU Computing Toolkit\CUDA\v11.7\bin;C:\Program Files\NVIDIA GPU Computing Toolkit\CUDA\v11.7\lib\x64;C:\Program Files\NVIDIA GPU Computing Toolkit\CUDA\v11.7\libnvvp;C:\Users\wsyconan\.dotnet\tools;C:\Program Files\JetBrains\CLion 2023.2.2\bin;;C:\mingw64\bin;C:\Program Files\JetBrains\IntelliJ IDEA 2023.2.2\bin;;C:\apache-maven-3.9.4\bin;D:\tools\chromedriver-win64;D:\tools\allure-2.24.1\bin;D:\Programs\Microsoft VS Code\bin;."/>
    <property name="java.vm.info" value="mixed mode"/>
    <property name="java.vendor" value="Oracle Corporation"/>
    <property name="java.vm.version" value="25.201-b09"/>
    <property name="java.ext.dirs" value="C:\Java\jdk1.8.0_201\jre\lib\ext;C:\WINDOWS\Sun\Java\lib\ext"/>
    <property name="sun.io.unicode.encoding" value="UnicodeLittle"/>
    <property name="java.class.version" value="52.0"/>
  </properties>
  <testcase name="testApp" classname="com.liyijiadou.hadoop.AppTest" time="0.002"/>
</testsuite>